<?xml version="1.0" encoding="UTF-8"?>
<!-- Generated by org.testng.reporters.JUnitReportReporter -->
<testsuite hostname="LAPTOP-3FC1F8QA" failures="0" tests="1" name="com.simplilearn.capstonerestassured.shoes.All_Users" time="1.359" errors="0" timestamp="2024-01-24T17:05:47 IST" skipped="0">
  <testcase classname="com.simplilearn.capstonerestassured.shoes.All_Users" name="testGetAllUsers" time="1.359"/>
</testsuite> <!-- com.simplilearn.capstonerestassured.shoes.All_Users -->
