<?xml version="1.0" encoding="UTF-8"?>
<!-- Generated by org.testng.reporters.JUnitReportReporter -->
<testsuite hostname="LAPTOP-3FC1F8QA" failures="0" tests="1" name="com.simplilearn.capstonerestassured.shoes.All_Products" time="0.855" errors="0" timestamp="2024-01-25T12:20:52 IST" skipped="0">
  <testcase classname="com.simplilearn.capstonerestassured.shoes.All_Products" name="testGetAllUsers" time="0.855"/>
</testsuite> <!-- com.simplilearn.capstonerestassured.shoes.All_Products -->
