<?xml version="1.0" encoding="UTF-8"?>
<!-- Generated by org.testng.reporters.JUnitReportReporter -->
<testsuite hostname="LAPTOP-3FC1F8QA" failures="0" tests="2" name="com.simplilearn.capstoneshoe.selenium.GetAllProduct" time="0.055" errors="0" timestamp="2024-01-24T22:16:56 IST" skipped="0">
  <testcase classname="com.simplilearn.capstoneshoe.selenium.GetAllProduct" name="testShoesPageContent" time="0.047"/>
  <testcase classname="com.simplilearn.capstoneshoe.selenium.GetAllProduct" name="testShoesPageTitle" time="0.008"/>
</testsuite> <!-- com.simplilearn.capstoneshoe.selenium.GetAllProduct -->
