<?xml version="1.0" encoding="UTF-8"?>
<!-- Generated by org.testng.reporters.JUnitReportReporter -->
<testsuite hostname="LAPTOP-3FC1F8QA" failures="0" tests="1" name="com.simplilearn.capstoneshoe.selenium.RegisterUser" time="0.024" errors="0" timestamp="2024-01-24T21:58:46 IST" skipped="0">
  <testcase classname="com.simplilearn.capstoneshoe.selenium.RegisterUser" name="testRegisterUserPageTitle" time="0.024"/>
</testsuite> <!-- com.simplilearn.capstoneshoe.selenium.RegisterUser -->
