<?xml version="1.0" encoding="UTF-8"?>
<!-- Generated by org.testng.reporters.JUnitReportReporter -->
<testsuite hostname="LAPTOP-3FC1F8QA" failures="0" tests="1" name="com.simplilearn.capstoneshoe.selenium.RegistrationPageTest" time="0.019" errors="0" timestamp="2024-01-25T12:17:08 IST" skipped="0">
  <testcase classname="com.simplilearn.capstoneshoe.selenium.RegistrationPageTest" name="testRegisterUserPageTitle" time="0.019"/>
</testsuite> <!-- com.simplilearn.capstoneshoe.selenium.RegistrationPageTest -->
