<?xml version="1.0" encoding="UTF-8"?>
<!-- Generated by org.testng.reporters.JUnitReportReporter -->
<testsuite hostname="LAPTOP-3FC1F8QA" failures="0" tests="1" name="com.simplilearn.capstoneshoe.selenium.OrderPageTest" time="0.022" errors="0" timestamp="2024-01-25T12:14:03 IST" skipped="0">
  <testcase classname="com.simplilearn.capstoneshoe.selenium.OrderPageTest" name="testCartPageTitle" time="0.022"/>
</testsuite> <!-- com.simplilearn.capstoneshoe.selenium.OrderPageTest -->
