<?xml version="1.0" encoding="UTF-8"?>
<!-- Generated by org.testng.reporters.JUnitReportReporter -->
<testsuite hostname="LAPTOP-3FC1F8QA" failures="0" tests="2" name="com.simplilearn.capstoneshoe.selenium.GetProduct" time="0.054" errors="0" timestamp="2024-01-24T21:01:14 IST" skipped="0">
  <testcase classname="com.simplilearn.capstoneshoe.selenium.GetProduct" name="testShoesPageContent" time="0.045"/>
  <testcase classname="com.simplilearn.capstoneshoe.selenium.GetProduct" name="testShoesPageTitle" time="0.009"/>
</testsuite> <!-- com.simplilearn.capstoneshoe.selenium.GetProduct -->
