<?xml version="1.0" encoding="UTF-8"?>
<!-- Generated by org.testng.reporters.JUnitReportReporter -->
<testsuite hostname="LAPTOP-3FC1F8QA" failures="0" tests="2" name="com.simplilearn.capstoneshoe.selenium.GetAllUsers" time="0.050" errors="0" timestamp="2024-01-25T12:16:41 IST" skipped="0">
  <testcase classname="com.simplilearn.capstoneshoe.selenium.GetAllUsers" name="testUsersPageContent" time="0.043"/>
  <testcase classname="com.simplilearn.capstoneshoe.selenium.GetAllUsers" name="testUsersPageTitle" time="0.007"/>
</testsuite> <!-- com.simplilearn.capstoneshoe.selenium.GetAllUsers -->
